 
****************************************
Report : area
Design : MMU
Version: K-2015.06-SP1
Date   : Fri Oct 13 12:00:18 2023
****************************************

Library(s) Used:

    asap7sc7p5t_22b_AO_RVT_TT_170906 (File: /afs/asu.edu/class/e/e/e/eee525b/asap7libs/asap7libs_24/db/asap7sc7p5t_22b_AO_RVT_TT_170906.db)
    asap7sc7p5t_22b_OA_RVT_TT_170906 (File: /afs/asu.edu/class/e/e/e/eee525b/asap7libs/asap7libs_24/db/asap7sc7p5t_22b_OA_RVT_TT_170906.db)
    asap7sc7p5t_22b_INVBUF_RVT_TT_170906 (File: /afs/asu.edu/class/e/e/e/eee525b/asap7libs/asap7libs_24/db/asap7sc7p5t_22b_INVBUF_RVT_TT_170906.db)
    asap7sc7p5t_22b_SIMPLE_RVT_TT_170906 (File: /afs/asu.edu/class/e/e/e/eee525b/asap7libs/asap7libs_24/db/asap7sc7p5t_22b_SIMPLE_RVT_TT_170906.db)
    asap7sc7p5t_22b_SEQ_RVT_TT_170906 (File: /afs/asu.edu/class/e/e/e/eee525b/asap7libs/asap7libs_24/db/asap7sc7p5t_22b_SEQ_RVT_TT_170906.db)

Number of ports:                          194
Number of nets:                          7622
Number of cells:                         6996
Number of combinational cells:           6416
Number of sequential cells:               580
Number of macros/black boxes:               0
Number of buf/inv:                       1064
Number of references:                      19

Combinational area:               7397.075497
Buf/Inv area:                      753.727690
Noncombinational area:            2706.047897
Macro/Black Box area:                0.000000
Net Interconnect area:      undefined  (No wire load specified)

Total cell area:                 10103.123394
Total area:                 undefined

Hierarchical area distribution
------------------------------

                                  Global cell area           Local cell area
                                  -------------------  ---------------------------- 
Hierarchical cell                 Absolute    Percent  Combi-     Noncombi-  Black-
                                  Total       Total    national   national   boxes   Design
--------------------------------  ----------  -------  ---------  ---------  ------  ---------
MMU                               10103.1234    100.0  7397.0755  2706.0479  0.0000  MMU
--------------------------------  ----------  -------  ---------  ---------  ------  ---------
Total                                                  7397.0755  2706.0479  0.0000


Area of detected synthetic parts
--------------------------------
  No DW parts to report!

Estimated area of ungrouped synthetic parts
-------------------------------------------
                                       Estimated  Perc. of
  Module               Implem.  Count       Area cell area
  -------------------- -------  ----- ---------- ---------
  DP_OP_114J1_122_1215     str      1   468.2542      4.6%
  DP_OP_115J1_123_1215     str      1   464.5586      4.6%
  DP_OP_116J1_124_1215     str      1   461.0804      4.6%
  DP_OP_117J1_125_1215     str      1   468.2542      4.6%
  DP_OP_118J1_126_1215     str      1   464.5586      4.6%
  DP_OP_119J1_127_1215     str      1   461.0804      4.6%
  DP_OP_120J1_128_1215     str      1   468.2542      4.6%
  DP_OP_121J1_129_1215     str      1   464.5586      4.6%
  DP_OP_122J1_130_1215     str      1   461.0804      4.6%
  DP_OP_123J1_131_1215     str      1   505.0509      5.0%
  DP_OP_124J1_132_1215     str      1   501.0851      5.0%
  DP_OP_125J1_133_1215     str      1   502.9513      5.0%
  DW_mult_uns          apparch      4  1254.6766     12.4%
  -------------------- -------  ----- ---------- ---------
  DP_OP Subtotal:                  12  5690.7670     56.3%
  Total:                           16  6945.4436     68.7%

Subtotal of datapath(DP_OP) cell area:  5690.7670  56.3%  (estimated)
Total synthetic cell area:              6945.4436  68.7%  (estimated)

1
